Minimising Sass Files (.scss)
CSS minified (sassed): css/source/home.css
CSS minified (sassed): css/source/layout-custom.css
CSS minified (sassed): css/source/layout.css
Parsing bundle: css/bootstrap.bundle
Including: source/bootstrap.min.css
Including: source/bootstrap-responsive.min.css
Created: css/bootstrap-v1.1.css
Parsing bundle: css/home.bundle
Including: source/home.css
Created: css/home-v1.1.css
Parsing bundle: css/layout.bundle
Including: source/layout.css
Including: source/layout-custom.css
Created: css/layout-v1.1.css
Parsing bundle: scripts/script.bundle
Including: script-libs/bootstrap.min.js
Including: script-handlers/global.js
Created: scripts/script-v1.1.js
Compiling C:/Users/cprobert/Dropbox/Shares/Nant-y-cwm/nant-y-cwm.co.uk
<div class='alert alert-info'><h4>Running Bootstrapper</h4></div>
Getting FaceBook Access Token
access_token=1406742256221468|HaXbEXjUlqtFWBwmeiDGXOMdlVY
Getting FaceBook Events
Getting individual event details
Skiping Spring Term - Back to School because its in the past
Work Day! - start_time: 10/01/2015
Half Term - start_time: 16/01/2015
Work Day! - start_time: 14/02/2015
Generating from _pages folder
Transforming with _layouts/boxes.xsl
Transforming with _layouts/boxes.xsl
Transforming with _layouts/boxes.xsl
Transforming with _layouts/boxes.xsl
Generated: about/index.html
Empty view: _pages/about/vacancies/main.html
Generated: vacancies/index.html
Generated: admissions/index.html
Generated: terms/index.html
Generated: community/index.html
Generated: contact/index.html
Generated: education/index.html
Generated: index.html
Generated: includes.html
Generated: archive.html
Built website:
file:///C:/Users/cprobert/Dropbox/Shares/Nant-y-cwm/nant-y-cwm.co.uk
Deploying to S3
Syncing with Amazon S3: www.nant-y-cwm.co.uk
Backing up: _layouts (private)
s3sync ran successfully
Backing up: _modules (private)
s3sync ran successfully
Backing up: _pages (private)
s3sync ran successfully
Backing up: _resources (private)
Update node events.yml
s3sync ran successfully
Publishing: css(public: caching: 1 year)
Update node bootstrap-v1.1.gz.css
Adding gzip header to css/bootstrap-v1.1.gz.css
Update node home-v1.1.gz.css
Adding gzip header to css/home-v1.1.gz.css
Update node layout-v1.1.gz.css
Adding gzip header to css/layout-v1.1.gz.css
s3sync ran successfully
Publishing: scripts(public: caching: 1 year)
Update node script-v1.1.gz.js
Adding gzip header to scripts/script-v1.1.gz.js
s3sync ran successfully
Publishing: fonts(public: caching: 1 year)
s3sync ran successfully
Publishing: images(public: caching: 1 year)
s3sync ran successfully
Publishing root (public)
Update node about/index.html
Update node admissions/index.html
Update node archive.html
Update node community/index.html
Update node contact/index.html
Update node education/index.html
Update node includes.html
Update node index.html
Create node last-deploy.log
Update node terms/index.html
Update node vacancies/index.html
s3sync ran successfully
Deployed :)
http://www.nant-y-cwm.co.uk
